# JRE version: OpenJDK Runtime Environment (8.0_242-b01) (build 1.8.0_242-release-1644-b01)
# Java VM: OpenJDK 64-Bit Server VM (25.242-b01 mixed mode windows-amd64 compressed oops)
Heap:
 PSYoungGen      total 246272K, used 73631K [0x00000000d5580000, 0x00000000e7a80000, 0x0000000100000000)
  eden space 229888K, 25% used [0x00000000d5580000,0x00000000d8db4cc0,0x00000000e3600000)
  from space 16384K, 98% used [0x00000000e4a80000,0x00000000e5a32f98,0x00000000e5a80000)
  to   space 28160K, 0% used [0x00000000e5f00000,0x00000000e5f00000,0x00000000e7a80000)
 ParOldGen       total 132096K, used 81276K [0x0000000080000000, 0x0000000088100000, 0x00000000d5580000)
  object space 132096K, 61% used [0x0000000080000000,0x0000000084f5f0d8,0x0000000088100000)
 Metaspace       used 91572K, capacity 96506K, committed 96664K, reserved 1132544K
  class space    used 12230K, capacity 13143K, committed 13232K, reserved 1048576K
GC Heap History (10 events):
Event: 48.564 GC heap before
{Heap before GC invocations=18 (full 3):
 PSYoungGen      total 235008K, used 234983K [0x00000000d5580000, 0x00000000e5600000, 0x0000000100000000)
  eden space 214528K, 100% used [0x00000000d5580000,0x00000000e2700000,0x00000000e2700000)
  from space 20480K, 99% used [0x00000000e3e80000,0x00000000e5279ed0,0x00000000e5280000)
  to   space 24064K, 0% used [0x00000000e2700000,0x00000000e2700000,0x00000000e3e80000)
 ParOldGen       total 132096K, used 33062K [0x0000000080000000, 0x0000000088100000, 0x00000000d5580000)
  object space 132096K, 25% used [0x0000000080000000,0x00000000820498e0,0x0000000088100000)
 Metaspace       used 75326K, capacity 78638K, committed 78744K, reserved 1118208K
  class space    used 10232K, capacity 10885K, committed 10928K, reserved 1048576K
Event: 48.610 GC heap after
Heap after GC invocations=18 (full 3):
 PSYoungGen      total 238592K, used 12644K [0x00000000d5580000, 0x00000000e7b80000, 0x0000000100000000)
  eden space 214528K, 0% used [0x00000000d5580000,0x00000000d5580000,0x00000000e2700000)
  from space 24064K, 52% used [0x00000000e2700000,0x00000000e3359350,0x00000000e3e80000)
  to   space 23552K, 0% used [0x00000000e6480000,0x00000000e6480000,0x00000000e7b80000)
 ParOldGen       total 132096K, used 50436K [0x0000000080000000, 0x0000000088100000, 0x00000000d5580000)
  object space 132096K, 38% used [0x0000000080000000,0x00000000831413b8,0x0000000088100000)
 Metaspace       used 75326K, capacity 78638K, committed 78744K, reserved 1118208K
  class space    used 10232K, capacity 10885K, committed 10928K, reserved 1048576K
}
Event: 341.273 GC heap before
{Heap before GC invocations=19 (full 3):
 PSYoungGen      total 238592K, used 225536K [0x00000000d5580000, 0x00000000e7b80000, 0x0000000100000000)
  eden space 214528K, 99% used [0x00000000d5580000,0x00000000e2566f70,0x00000000e2700000)
  from space 24064K, 52% used [0x00000000e2700000,0x00000000e3359350,0x00000000e3e80000)
  to   space 23552K, 0% used [0x00000000e6480000,0x00000000e6480000,0x00000000e7b80000)
 ParOldGen       total 132096K, used 50436K [0x0000000080000000, 0x0000000088100000, 0x00000000d5580000)
  object space 132096K, 38% used [0x0000000080000000,0x00000000831413b8,0x0000000088100000)
 Metaspace       used 81323K, capacity 84978K, committed 85272K, reserved 1122304K
  class space    used 10810K, capacity 11511K, committed 11568K, reserved 1048576K
Event: 341.328 GC heap after
Heap after GC invocations=19 (full 3):
 PSYoungGen      total 270336K, used 23530K [0x00000000d5580000, 0x00000000e8280000, 0x0000000100000000)
  eden space 246784K, 0% used [0x00000000d5580000,0x00000000d5580000,0x00000000e4680000)
  from space 23552K, 99% used [0x00000000e6480000,0x00000000e7b7a840,0x00000000e7b80000)
  to   space 30720K, 0% used [0x00000000e4680000,0x00000000e4680000,0x00000000e6480000)
 ParOldGen       total 132096K, used 60176K [0x0000000080000000, 0x0000000088100000, 0x00000000d5580000)
  object space 132096K, 45% used [0x0000000080000000,0x0000000083ac4350,0x0000000088100000)
 Metaspace       used 81323K, capacity 84978K, committed 85272K, reserved 1122304K
  class space    used 10810K, capacity 11511K, committed 11568K, reserved 1048576K
}
Event: 354.684 GC heap before
{Heap before GC invocations=20 (full 3):
 PSYoungGen      total 270336K, used 270314K [0x00000000d5580000, 0x00000000e8280000, 0x0000000100000000)
  eden space 246784K, 100% used [0x00000000d5580000,0x00000000e4680000,0x00000000e4680000)
  from space 23552K, 99% used [0x00000000e6480000,0x00000000e7b7a840,0x00000000e7b80000)
  to   space 30720K, 0% used [0x00000000e4680000,0x00000000e4680000,0x00000000e6480000)
 ParOldGen       total 132096K, used 60176K [0x0000000080000000, 0x0000000088100000, 0x00000000d5580000)
  object space 132096K, 45% used [0x0000000080000000,0x0000000083ac4350,0x0000000088100000)
 Metaspace       used 90103K, capacity 94630K, committed 95000K, reserved 1130496K
  class space    used 12121K, capacity 12977K, committed 13104K, reserved 1048576K
Event: 354.740 GC heap after
Heap after GC invocations=20 (full 3):
 PSYoungGen      total 277504K, used 9881K [0x00000000d5580000, 0x00000000e9700000, 0x0000000100000000)
  eden space 246784K, 0% used [0x00000000d5580000,0x00000000d5580000,0x00000000e4680000)
  from space 30720K, 32% used [0x00000000e4680000,0x00000000e5026708,0x00000000e6480000)
  to   space 29696K, 0% used [0x00000000e7a00000,0x00000000e7a00000,0x00000000e9700000)
 ParOldGen       total 132096K, used 81268K [0x0000000080000000, 0x0000000088100000, 0x00000000d5580000)
  object space 132096K, 61% used [0x0000000080000000,0x0000000084f5d0d8,0x0000000088100000)
 Metaspace       used 90103K, capacity 94630K, committed 95000K, reserved 1130496K
  class space    used 12121K, capacity 12977K, committed 13104K, reserved 1048576K
}
Event: 3026.957 GC heap before
{Heap before GC invocations=21 (full 3):
 PSYoungGen      total 277504K, used 256665K [0x00000000d5580000, 0x00000000e9700000, 0x0000000100000000)
  eden space 246784K, 100% used [0x00000000d5580000,0x00000000e4680000,0x00000000e4680000)
  from space 30720K, 32% used [0x00000000e4680000,0x00000000e5026708,0x00000000e6480000)
  to   space 29696K, 0% used [0x00000000e7a00000,0x00000000e7a00000,0x00000000e9700000)
 ParOldGen       total 132096K, used 81268K [0x0000000080000000, 0x0000000088100000, 0x00000000d5580000)
  object space 132096K, 61% used [0x0000000080000000,0x0000000084f5d0d8,0x0000000088100000)
 Metaspace       used 91054K, capacity 95798K, committed 96024K, reserved 1132544K
  class space    used 12194K, capacity 13085K, committed 13104K, reserved 1048576K
Event: 3026.994 GC heap after
Heap after GC invocations=21 (full 3):
 PSYoungGen      total 246784K, used 8440K [0x00000000d5580000, 0x00000000e8280000, 0x0000000100000000)
  eden space 238080K, 0% used [0x00000000d5580000,0x00000000d5580000,0x00000000e3e00000)
  from space 8704K, 96% used [0x00000000e7a00000,0x00000000e823e090,0x00000000e8280000)
  to   space 28672K, 0% used [0x00000000e4a80000,0x00000000e4a80000,0x00000000e6680000)
 ParOldGen       total 132096K, used 81268K [0x0000000080000000, 0x0000000088100000, 0x00000000d5580000)
  object space 132096K, 61% used [0x0000000080000000,0x0000000084f5d0d8,0x0000000088100000)
 Metaspace       used 91054K, capacity 95798K, committed 96024K, reserved 1132544K
  class space    used 12194K, capacity 13085K, committed 13104K, reserved 1048576K
}
Event: 3058.670 GC heap before
{Heap before GC invocations=22 (full 3):
 PSYoungGen      total 246784K, used 246520K [0x00000000d5580000, 0x00000000e8280000, 0x0000000100000000)
  eden space 238080K, 100% used [0x00000000d5580000,0x00000000e3e00000,0x00000000e3e00000)
  from space 8704K, 96% used [0x00000000e7a00000,0x00000000e823e090,0x00000000e8280000)
  to   space 28672K, 0% used [0x00000000e4a80000,0x00000000e4a80000,0x00000000e6680000)
 ParOldGen       total 132096K, used 81268K [0x0000000080000000, 0x0000000088100000, 0x00000000d5580000)
  object space 132096K, 61% used [0x0000000080000000,0x0000000084f5d0d8,0x0000000088100000)
 Metaspace       used 91324K, capacity 96264K, committed 96408K, reserved 1132544K
  class space    used 12209K, capacity 13106K, committed 13232K, reserved 1048576K
Event: 3058.698 GC heap after
Heap after GC invocations=22 (full 3):
 PSYoungGen      total 246272K, used 16075K [0x00000000d5580000, 0x00000000e7a80000, 0x0000000100000000)
  eden space 229888K, 0% used [0x00000000d5580000,0x00000000d5580000,0x00000000e3600000)
  from space 16384K, 98% used [0x00000000e4a80000,0x00000000e5a32f98,0x00000000e5a80000)
  to   space 28160K, 0% used [0x00000000e5f00000,0x00000000e5f00000,0x00000000e7a80000)
 ParOldGen       total 132096K, used 81276K [0x0000000080000000, 0x0000000088100000, 0x00000000d5580000)
  object space 132096K, 61% used [0x0000000080000000,0x0000000084f5f0d8,0x0000000088100000)
 Metaspace       used 91324K, capacity 96264K, committed 96408K, reserved 1132544K
  class space    used 12209K, capacity 13106K, committed 13232K, reserved 1048576K
}

