# JRE version: OpenJDK Runtime Environment (8.0_242-b01) (build 1.8.0_242-release-1644-b01)
# Java VM: OpenJDK 64-Bit Server VM (25.242-b01 mixed mode windows-amd64 compressed oops)
Heap:
 PSYoungGen      total 242176K, used 221955K [0x00000000d5580000, 0x00000000e8600000, 0x0000000100000000)
  eden space 218112K, 94% used [0x00000000d5580000,0x00000000e1e8c7d8,0x00000000e2a80000)
  from space 24064K, 66% used [0x00000000e2a80000,0x00000000e3a34630,0x00000000e4200000)
  to   space 24576K, 0% used [0x00000000e6e00000,0x00000000e6e00000,0x00000000e8600000)
 ParOldGen       total 129536K, used 48969K [0x0000000080000000, 0x0000000087e80000, 0x00000000d5580000)
  object space 129536K, 37% used [0x0000000080000000,0x0000000082fd2558,0x0000000087e80000)
 Metaspace       used 87314K, capacity 91514K, committed 91800K, reserved 1128448K
  class space    used 11808K, capacity 12690K, committed 12712K, reserved 1048576K
GC Heap History (10 events):
Event: 11.833 GC heap before
{Heap before GC invocations=14 (full 2):
 PSYoungGen      total 163328K, used 49770K [0x00000000d5580000, 0x00000000e2500000, 0x0000000100000000)
  eden space 150016K, 24% used [0x00000000d5580000,0x00000000d791f580,0x00000000de800000)
  from space 13312K, 99% used [0x00000000de800000,0x00000000df4fb330,0x00000000df500000)
  to   space 18432K, 0% used [0x00000000e1300000,0x00000000e1300000,0x00000000e2500000)
 ParOldGen       total 87040K, used 25110K [0x0000000080000000, 0x0000000085500000, 0x00000000d5580000)
  object space 87040K, 28% used [0x0000000080000000,0x00000000818859d8,0x0000000085500000)
 Metaspace       used 56973K, capacity 59032K, committed 59160K, reserved 1099776K
  class space    used 7699K, capacity 8159K, committed 8232K, reserved 1048576K
Event: 11.891 GC heap after
Heap after GC invocations=14 (full 2):
 PSYoungGen      total 194048K, used 3847K [0x00000000d5580000, 0x00000000e4300000, 0x0000000100000000)
  eden space 175616K, 0% used [0x00000000d5580000,0x00000000d5580000,0x00000000e0100000)
  from space 18432K, 20% used [0x00000000e1300000,0x00000000e16c1d80,0x00000000e2500000)
  to   space 18432K, 0% used [0x00000000e0100000,0x00000000e0100000,0x00000000e1300000)
 ParOldGen       total 87040K, used 38356K [0x0000000080000000, 0x0000000085500000, 0x00000000d5580000)
  object space 87040K, 44% used [0x0000000080000000,0x00000000825750f8,0x0000000085500000)
 Metaspace       used 56973K, capacity 59032K, committed 59160K, reserved 1099776K
  class space    used 7699K, capacity 8159K, committed 8232K, reserved 1048576K
}
Event: 11.891 GC heap before
{Heap before GC invocations=15 (full 3):
 PSYoungGen      total 194048K, used 3847K [0x00000000d5580000, 0x00000000e4300000, 0x0000000100000000)
  eden space 175616K, 0% used [0x00000000d5580000,0x00000000d5580000,0x00000000e0100000)
  from space 18432K, 20% used [0x00000000e1300000,0x00000000e16c1d80,0x00000000e2500000)
  to   space 18432K, 0% used [0x00000000e0100000,0x00000000e0100000,0x00000000e1300000)
 ParOldGen       total 87040K, used 38356K [0x0000000080000000, 0x0000000085500000, 0x00000000d5580000)
  object space 87040K, 44% used [0x0000000080000000,0x00000000825750f8,0x0000000085500000)
 Metaspace       used 56973K, capacity 59032K, committed 59160K, reserved 1099776K
  class space    used 7699K, capacity 8159K, committed 8232K, reserved 1048576K
Event: 12.243 GC heap after
Heap after GC invocations=15 (full 3):
 PSYoungGen      total 194048K, used 0K [0x00000000d5580000, 0x00000000e4300000, 0x0000000100000000)
  eden space 175616K, 0% used [0x00000000d5580000,0x00000000d5580000,0x00000000e0100000)
  from space 18432K, 0% used [0x00000000e1300000,0x00000000e1300000,0x00000000e2500000)
  to   space 18432K, 0% used [0x00000000e0100000,0x00000000e0100000,0x00000000e1300000)
 ParOldGen       total 129536K, used 31183K [0x0000000080000000, 0x0000000087e80000, 0x00000000d5580000)
  object space 129536K, 24% used [0x0000000080000000,0x0000000081e73ce8,0x0000000087e80000)
 Metaspace       used 56964K, capacity 59002K, committed 59160K, reserved 1099776K
  class space    used 7697K, capacity 8154K, committed 8232K, reserved 1048576K
}
Event: 15.381 GC heap before
{Heap before GC invocations=16 (full 3):
 PSYoungGen      total 194048K, used 175616K [0x00000000d5580000, 0x00000000e4300000, 0x0000000100000000)
  eden space 175616K, 100% used [0x00000000d5580000,0x00000000e0100000,0x00000000e0100000)
  from space 18432K, 0% used [0x00000000e1300000,0x00000000e1300000,0x00000000e2500000)
  to   space 18432K, 0% used [0x00000000e0100000,0x00000000e0100000,0x00000000e1300000)
 ParOldGen       total 129536K, used 31183K [0x0000000080000000, 0x0000000087e80000, 0x00000000d5580000)
  object space 129536K, 24% used [0x0000000080000000,0x0000000081e73ce8,0x0000000087e80000)
 Metaspace       used 63618K, capacity 66506K, committed 66712K, reserved 1105920K
  class space    used 8680K, capacity 9280K, committed 9384K, reserved 1048576K
Event: 15.403 GC heap after
Heap after GC invocations=16 (full 3):
 PSYoungGen      total 194048K, used 16306K [0x00000000d5580000, 0x00000000e5600000, 0x0000000100000000)
  eden space 175616K, 0% used [0x00000000d5580000,0x00000000d5580000,0x00000000e0100000)
  from space 18432K, 88% used [0x00000000e0100000,0x00000000e10ec9e0,0x00000000e1300000)
  to   space 20480K, 0% used [0x00000000e4200000,0x00000000e4200000,0x00000000e5600000)
 ParOldGen       total 129536K, used 31191K [0x0000000080000000, 0x0000000087e80000, 0x00000000d5580000)
  object space 129536K, 24% used [0x0000000080000000,0x0000000081e75ce8,0x0000000087e80000)
 Metaspace       used 63618K, capacity 66506K, committed 66712K, reserved 1105920K
  class space    used 8680K, capacity 9280K, committed 9384K, reserved 1048576K
}
Event: 18.022 GC heap before
{Heap before GC invocations=17 (full 3):
 PSYoungGen      total 194048K, used 191922K [0x00000000d5580000, 0x00000000e5600000, 0x0000000100000000)
  eden space 175616K, 100% used [0x00000000d5580000,0x00000000e0100000,0x00000000e0100000)
  from space 18432K, 88% used [0x00000000e0100000,0x00000000e10ec9e0,0x00000000e1300000)
  to   space 20480K, 0% used [0x00000000e4200000,0x00000000e4200000,0x00000000e5600000)
 ParOldGen       total 129536K, used 31191K [0x0000000080000000, 0x0000000087e80000, 0x00000000d5580000)
  object space 129536K, 24% used [0x0000000080000000,0x0000000081e75ce8,0x0000000087e80000)
 Metaspace       used 68566K, capacity 71532K, committed 71704K, reserved 1112064K
  class space    used 9328K, capacity 9935K, committed 10024K, reserved 1048576K
Event: 18.056 GC heap after
Heap after GC invocations=17 (full 3):
 PSYoungGen      total 238592K, used 20473K [0x00000000d5580000, 0x00000000e5980000, 0x0000000100000000)
  eden space 218112K, 0% used [0x00000000d5580000,0x00000000d5580000,0x00000000e2a80000)
  from space 20480K, 99% used [0x00000000e4200000,0x00000000e55fe4a0,0x00000000e5600000)
  to   space 24064K, 0% used [0x00000000e2a80000,0x00000000e2a80000,0x00000000e4200000)
 ParOldGen       total 129536K, used 32335K [0x0000000080000000, 0x0000000087e80000, 0x00000000d5580000)
  object space 129536K, 24% used [0x0000000080000000,0x0000000081f93cd0,0x0000000087e80000)
 Metaspace       used 68566K, capacity 71532K, committed 71704K, reserved 1112064K
  class space    used 9328K, capacity 9935K, committed 10024K, reserved 1048576K
}
Event: 44.272 GC heap before
{Heap before GC invocations=18 (full 3):
 PSYoungGen      total 238592K, used 238585K [0x00000000d5580000, 0x00000000e5980000, 0x0000000100000000)
  eden space 218112K, 100% used [0x00000000d5580000,0x00000000e2a80000,0x00000000e2a80000)
  from space 20480K, 99% used [0x00000000e4200000,0x00000000e55fe4a0,0x00000000e5600000)
  to   space 24064K, 0% used [0x00000000e2a80000,0x00000000e2a80000,0x00000000e4200000)
 ParOldGen       total 129536K, used 32335K [0x0000000080000000, 0x0000000087e80000, 0x00000000d5580000)
  object space 129536K, 24% used [0x0000000080000000,0x0000000081f93cd0,0x0000000087e80000)
 Metaspace       used 74977K, capacity 78328K, committed 78616K, reserved 1118208K
  class space    used 10127K, capacity 10746K, committed 10792K, reserved 1048576K
Event: 44.311 GC heap after
Heap after GC invocations=18 (full 3):
 PSYoungGen      total 242176K, used 16081K [0x00000000d5580000, 0x00000000e8600000, 0x0000000100000000)
  eden space 218112K, 0% used [0x00000000d5580000,0x00000000d5580000,0x00000000e2a80000)
  from space 24064K, 66% used [0x00000000e2a80000,0x00000000e3a34630,0x00000000e4200000)
  to   space 24576K, 0% used [0x00000000e6e00000,0x00000000e6e00000,0x00000000e8600000)
 ParOldGen       total 129536K, used 48969K [0x0000000080000000, 0x0000000087e80000, 0x00000000d5580000)
  object space 129536K, 37% used [0x0000000080000000,0x0000000082fd2558,0x0000000087e80000)
 Metaspace       used 74977K, capacity 78328K, committed 78616K, reserved 1118208K
  class space    used 10127K, capacity 10746K, committed 10792K, reserved 1048576K
}

